<?xml version="1.0" encoding="UTF-8"?>
<testsuite name="com.daelim.spring.test.SpringTestApplicationTests" tests="1" skipped="0" failures="0" errors="0" timestamp="2024-03-20T07:29:16" hostname="LAPTOP" time="0.698">
  <properties/>
  <testcase name="contextLoads()" classname="com.daelim.spring.test.SpringTestApplicationTests" time="0.698"/>
  <system-out><![CDATA[16:29:14.511 [Test worker] INFO org.springframework.test.context.support.AnnotationConfigContextLoaderUtils -- Could not detect default configuration classes for test class [com.daelim.spring.test.SpringTestApplicationTests]: SpringTestApplicationTests does not declare any static, non-private, non-final, nested classes annotated with @Configuration.
16:29:14.600 [Test worker] INFO org.springframework.boot.test.context.SpringBootTestContextBootstrapper -- Found @SpringBootConfiguration com.daelim.spring.test.SpringTestApplication for test class com.daelim.spring.test.SpringTestApplicationTests

  .   ____          _            __ _ _
 /\\ / ___'_ __ _ _(_)_ __  __ _ \ \ \ \
( ( )\___ | '_ | '_| | '_ \/ _` | \ \ \ \
 \\/  ___)| |_)| | | | | || (_| |  ) ) ) )
  '  |____| .__|_| |_|_| |_\__, | / / / /
 =========|_|==============|___/=/_/_/_/
 :: Spring Boot ::                (v3.2.3)

2024-03-20T16:29:14.942+09:00  INFO 23020 --- [spring-test] [    Test worker] c.d.s.test.SpringTestApplicationTests    : Starting SpringTestApplicationTests using Java 21.0.2 with PID 23020 (started by LAPTOP in C:\Users\LAPTOP\Desktop\3\모바일최신기술\spring-test)
2024-03-20T16:29:14.944+09:00  INFO 23020 --- [spring-test] [    Test worker] c.d.s.test.SpringTestApplicationTests    : No active profile set, falling back to 1 default profile: "default"
2024-03-20T16:29:16.326+09:00  INFO 23020 --- [spring-test] [    Test worker] c.d.s.test.SpringTestApplicationTests    : Started SpringTestApplicationTests in 1.563 seconds (process running for 2.737)
init test
]]></system-out>
  <system-err><![CDATA[WARNING: A Java agent has been loaded dynamically (C:\Users\LAPTOP\.gradle\caches\modules-2\files-2.1\net.bytebuddy\byte-buddy-agent\1.14.12\be4984cb6fd1ef1d11f218a648889dfda44b8a15\byte-buddy-agent-1.14.12.jar)
WARNING: If a serviceability tool is in use, please run with -XX:+EnableDynamicAgentLoading to hide this warning
WARNING: If a serviceability tool is not in use, please run with -Djdk.instrument.traceUsage for more information
WARNING: Dynamic loading of agents will be disallowed by default in a future release
]]></system-err>
</testsuite>
